[2024-3-3 15:59:41] [INFO] Booting the 'CORS' middleware...
[2024-3-3 15:59:41] [INFO] Booting the 'HTTP' middleware...
[2024-3-3 15:59:41] [INFO] Booting the 'StatusMonitor' middleware...
[2024-3-3 15:59:41] [INFO] Routes :: Mounting Web Routes...
[2024-3-3 15:59:41] [INFO] Routes :: Mounting API Routes...
[2024-3-3 15:59:41] [INFO] Configuration :: Booting @ Master...
[2024-3-3 15:59:41] [INFO] Booting the 'CsrfToken' middleware...
[2024-3-3 15:59:41] [INFO] Booting the 'Views' middleware...
[2024-3-3 15:59:41] [INFO] Booting the 'Statics' middleware...
[2024-3-3 15:59:41] [WARN] Warning: Accessing non-existent property 'lineno' of module exports inside circular dependency
    at emitCircularRequireWarning (node:internal/modules/cjs/loader:887:11)
    at Object.get (node:internal/modules/cjs/loader:903:5)
    at Boolean.Node [as constructor] (/usr/src/app/node_modules/nib/node_modules/stylus/lib/nodes/node.js:42:23)
    at new Boolean (/usr/src/app/node_modules/nib/node_modules/stylus/lib/nodes/boolean.js:23:8)
    at Object.<anonymous> (/usr/src/app/node_modules/nib/node_modules/stylus/lib/nodes/index.js:57:16)
    at Module._compile (node:internal/modules/cjs/loader:1376:14)
    at Module._extensions..js (node:internal/modules/cjs/loader:1435:10)
    at Module.load (node:internal/modules/cjs/loader:1207:32)
    at Module._load (node:internal/modules/cjs/loader:1023:12)
    at Module.require (node:internal/modules/cjs/loader:1235:19)
    at require (node:internal/modules/helpers:176:18)
    at Object.<anonymous> (/usr/src/app/node_modules/nib/node_modules/stylus/lib/lexer.js:13:13)
    at Module._compile (node:internal/modules/cjs/loader:1376:14)
    at Module._extensions..js (node:internal/modules/cjs/loader:1435:10)
    at Module.load (node:internal/modules/cjs/loader:1207:32)
    at Module._load (node:internal/modules/cjs/loader:1023:12)
[2024-3-3 15:59:41] [WARN] Warning: Accessing non-existent property 'column' of module exports inside circular dependency
    at emitCircularRequireWarning (node:internal/modules/cjs/loader:887:11)
    at Object.get (node:internal/modules/cjs/loader:903:5)
    at Boolean.Node [as constructor] (/usr/src/app/node_modules/nib/node_modules/stylus/lib/nodes/node.js:43:23)
    at new Boolean (/usr/src/app/node_modules/nib/node_modules/stylus/lib/nodes/boolean.js:23:8)
    at Object.<anonymous> (/usr/src/app/node_modules/nib/node_modules/stylus/lib/nodes/index.js:58:17)
    at Module._compile (node:internal/modules/cjs/loader:1376:14)
    at Module._extensions..js (node:internal/modules/cjs/loader:1435:10)
    at Module.load (node:internal/modules/cjs/loader:1207:32)
    at Module._load (node:internal/modules/cjs/loader:1023:12)
    at Module.require (node:internal/modules/cjs/loader:1235:19)
    at require (node:internal/modules/helpers:176:18)
    at Object.<anonymous> (/usr/src/app/node_modules/nib/node_modules/stylus/lib/lexer.js:13:13)
    at Module._compile (node:internal/modules/cjs/loader:1376:14)
    at Module._extensions..js (node:internal/modules/cjs/loader:1435:10)
    at Module.load (node:internal/modules/cjs/loader:1207:32)
    at Module._load (node:internal/modules/cjs/loader:1023:12)
[2024-3-3 15:59:41] [WARN] Warning: Accessing non-existent property 'filename' of module exports inside circular dependency
    at emitCircularRequireWarning (node:internal/modules/cjs/loader:887:11)
    at Object.get (node:internal/modules/cjs/loader:903:5)
    at Boolean.Node [as constructor] (/usr/src/app/node_modules/nib/node_modules/stylus/lib/nodes/node.js:44:25)
    at new Boolean (/usr/src/app/node_modules/nib/node_modules/stylus/lib/nodes/boolean.js:23:8)
    at Object.<anonymous> (/usr/src/app/node_modules/nib/node_modules/stylus/lib/nodes/index.js:58:17)
    at Module._compile (node:internal/modules/cjs/loader:1376:14)
    at Module._extensions..js (node:internal/modules/cjs/loader:1435:10)
    at Module.load (node:internal/modules/cjs/loader:1207:32)
    at Module._load (node:internal/modules/cjs/loader:1023:12)
    at Module.require (node:internal/modules/cjs/loader:1235:19)
    at require (node:internal/modules/helpers:176:18)
    at Object.<anonymous> (/usr/src/app/node_modules/nib/node_modules/stylus/lib/lexer.js:13:13)
    at Module._compile (node:internal/modules/cjs/loader:1376:14)
    at Module._extensions..js (node:internal/modules/cjs/loader:1435:10)
    at Module.load (node:internal/modules/cjs/loader:1207:32)
    at Module._load (node:internal/modules/cjs/loader:1023:12)
[2024-3-3 15:59:41] [WARN] Warning: Accessing non-existent property 'column' of module exports inside circular dependency
    at emitCircularRequireWarning (node:internal/modules/cjs/loader:887:11)
    at Object.get (node:internal/modules/cjs/loader:903:5)
    at Boolean.Node [as constructor] (/usr/src/app/node_modules/nib/node_modules/stylus/lib/nodes/node.js:43:23)
    at new Boolean (/usr/src/app/node_modules/nib/node_modules/stylus/lib/nodes/boolean.js:23:8)
    at Object.<anonymous> (/usr/src/app/node_modules/nib/node_modules/stylus/lib/nodes/index.js:57:16)
    at Module._compile (node:internal/modules/cjs/loader:1376:14)
    at Module._extensions..js (node:internal/modules/cjs/loader:1435:10)
    at Module.load (node:internal/modules/cjs/loader:1207:32)
    at Module._load (node:internal/modules/cjs/loader:1023:12)
    at Module.require (node:internal/modules/cjs/loader:1235:19)
    at require (node:internal/modules/helpers:176:18)
    at Object.<anonymous> (/usr/src/app/node_modules/nib/node_modules/stylus/lib/lexer.js:13:13)
    at Module._compile (node:internal/modules/cjs/loader:1376:14)
    at Module._extensions..js (node:internal/modules/cjs/loader:1435:10)
    at Module.load (node:internal/modules/cjs/loader:1207:32)
    at Module._load (node:internal/modules/cjs/loader:1023:12)
[2024-3-3 15:59:41] [WARN] Warning: Accessing non-existent property 'filename' of module exports inside circular dependency
    at emitCircularRequireWarning (node:internal/modules/cjs/loader:887:11)
    at Object.get (node:internal/modules/cjs/loader:903:5)
    at Boolean.Node [as constructor] (/usr/src/app/node_modules/nib/node_modules/stylus/lib/nodes/node.js:44:25)
    at new Boolean (/usr/src/app/node_modules/nib/node_modules/stylus/lib/nodes/boolean.js:23:8)
    at Object.<anonymous> (/usr/src/app/node_modules/nib/node_modules/stylus/lib/nodes/index.js:57:16)
    at Module._compile (node:internal/modules/cjs/loader:1376:14)
    at Module._extensions..js (node:internal/modules/cjs/loader:1435:10)
    at Module.load (node:internal/modules/cjs/loader:1207:32)
    at Module._load (node:internal/modules/cjs/loader:1023:12)
    at Module.require (node:internal/modules/cjs/loader:1235:19)
    at require (node:internal/modules/helpers:176:18)
    at Object.<anonymous> (/usr/src/app/node_modules/nib/node_modules/stylus/lib/lexer.js:13:13)
    at Module._compile (node:internal/modules/cjs/loader:1376:14)
    at Module._extensions..js (node:internal/modules/cjs/loader:1435:10)
    at Module.load (node:internal/modules/cjs/loader:1207:32)
    at Module._load (node:internal/modules/cjs/loader:1023:12)
[2024-3-3 15:59:41] [WARN] Warning: Accessing non-existent property 'lineno' of module exports inside circular dependency
    at emitCircularRequireWarning (node:internal/modules/cjs/loader:887:11)
    at Object.get (node:internal/modules/cjs/loader:903:5)
    at Boolean.Node [as constructor] (/usr/src/app/node_modules/nib/node_modules/stylus/lib/nodes/node.js:42:23)
    at new Boolean (/usr/src/app/node_modules/nib/node_modules/stylus/lib/nodes/boolean.js:23:8)
    at Object.<anonymous> (/usr/src/app/node_modules/nib/node_modules/stylus/lib/nodes/index.js:58:17)
    at Module._compile (node:internal/modules/cjs/loader:1376:14)
    at Module._extensions..js (node:internal/modules/cjs/loader:1435:10)
    at Module.load (node:internal/modules/cjs/loader:1207:32)
    at Module._load (node:internal/modules/cjs/loader:1023:12)
    at Module.require (node:internal/modules/cjs/loader:1235:19)
    at require (node:internal/modules/helpers:176:18)
    at Object.<anonymous> (/usr/src/app/node_modules/nib/node_modules/stylus/lib/lexer.js:13:13)
    at Module._compile (node:internal/modules/cjs/loader:1376:14)
    at Module._extensions..js (node:internal/modules/cjs/loader:1435:10)
    at Module.load (node:internal/modules/cjs/loader:1207:32)
    at Module._load (node:internal/modules/cjs/loader:1023:12)
[2024-3-3 15:59:41] [ERROR] Error: getaddrinfo ENOTFOUND redis
    at GetAddrInfoReqWrap.onlookup [as oncomplete] (node:dns:107:26)
[2024-3-3 15:59:41] [ERROR] Error: getaddrinfo ENOTFOUND redis
    at GetAddrInfoReqWrap.onlookup [as oncomplete] (node:dns:107:26)
[2024-3-3 15:59:41] [INFO] Server :: Cluster with ProcessID '784' has responded after it was forked! 
[2024-3-3 15:59:41] [INFO] Server :: Cluster with ProcessID '786' has responded after it was forked! 
[2024-3-3 15:59:41] [ERROR] Error: getaddrinfo ENOTFOUND redis
    at GetAddrInfoReqWrap.onlookup [as oncomplete] (node:dns:107:26)
[2024-3-3 15:59:41] [ERROR] Error: getaddrinfo ENOTFOUND redis
    at GetAddrInfoReqWrap.onlookup [as oncomplete] (node:dns:107:26)
[2024-3-3 15:59:41] [INFO] Server :: Cluster with ProcessID '785' has responded after it was forked! 
[2024-3-3 15:59:41] [INFO] Server :: Cluster with ProcessID '792' has responded after it was forked! 
[2024-3-3 15:59:41] [ERROR] Error: getaddrinfo ENOTFOUND redis
    at GetAddrInfoReqWrap.onlookup [as oncomplete] (node:dns:107:26)
[2024-3-3 15:59:41] [ERROR] Error: getaddrinfo ENOTFOUND redis
    at GetAddrInfoReqWrap.onlookup [as oncomplete] (node:dns:107:26)
[2024-3-3 15:59:41] [ERROR] Error: getaddrinfo ENOTFOUND redis
    at GetAddrInfoReqWrap.onlookup [as oncomplete] (node:dns:107:26)
[2024-3-3 15:59:41] [ERROR] Error: getaddrinfo ENOTFOUND redis
    at GetAddrInfoReqWrap.onlookup [as oncomplete] (node:dns:107:26)
[2024-3-3 15:59:41] [ERROR] Error: getaddrinfo ENOTFOUND redis
    at GetAddrInfoReqWrap.onlookup [as oncomplete] (node:dns:107:26)
[2024-3-3 15:59:41] [ERROR] Error: getaddrinfo ENOTFOUND redis
    at GetAddrInfoReqWrap.onlookup [as oncomplete] (node:dns:107:26)
[2024-3-3 15:59:41] [ERROR] Error: getaddrinfo ENOTFOUND redis
    at GetAddrInfoReqWrap.onlookup [as oncomplete] (node:dns:107:26)
[2024-3-3 15:59:41] [ERROR] Error: getaddrinfo ENOTFOUND redis
    at GetAddrInfoReqWrap.onlookup [as oncomplete] (node:dns:107:26)
[2024-3-3 15:59:41] [ERROR] Error: getaddrinfo ENOTFOUND redis
    at GetAddrInfoReqWrap.onlookup [as oncomplete] (node:dns:107:26)
[2024-3-3 15:59:41] [ERROR] Error: getaddrinfo ENOTFOUND redis
    at GetAddrInfoReqWrap.onlookup [as oncomplete] (node:dns:107:26)
[2024-3-3 15:59:41] [ERROR] Error: getaddrinfo ENOTFOUND redis
    at GetAddrInfoReqWrap.onlookup [as oncomplete] (node:dns:107:26)
[2024-3-3 15:59:41] [ERROR] Error: getaddrinfo ENOTFOUND redis
    at GetAddrInfoReqWrap.onlookup [as oncomplete] (node:dns:107:26)
[2024-3-3 15:59:44] [INFO] Booting the 'CORS' middleware...
[2024-3-3 15:59:44] [INFO] Booting the 'HTTP' middleware...
[2024-3-3 15:59:44] [INFO] Booting the 'StatusMonitor' middleware...
[2024-3-3 15:59:44] [INFO] Booting the 'CsrfToken' middleware...
[2024-3-3 15:59:44] [INFO] Booting the 'Statics' middleware...
[2024-3-3 15:59:44] [INFO] Booting the 'Views' middleware...
[2024-3-3 15:59:44] [INFO] Booting the 'CORS' middleware...
[2024-3-3 15:59:44] [INFO] Booting the 'HTTP' middleware...
[2024-3-3 15:59:44] [INFO] Booting the 'CsrfToken' middleware...
[2024-3-3 15:59:44] [INFO] Booting the 'Views' middleware...
[2024-3-3 15:59:44] [INFO] Booting the 'Statics' middleware...
[2024-3-3 15:59:44] [INFO] Booting the 'StatusMonitor' middleware...
[2024-3-3 15:59:44] [INFO] Routes :: Mounting Web Routes...
[2024-3-3 15:59:44] [INFO] Routes :: Mounting API Routes...
[2024-3-3 15:59:44] [INFO] Booting the 'CORS' middleware...
[2024-3-3 15:59:44] [INFO] Booting the 'Statics' middleware...
[2024-3-3 15:59:44] [INFO] Booting the 'StatusMonitor' middleware...
[2024-3-3 15:59:44] [INFO] Booting the 'HTTP' middleware...
[2024-3-3 15:59:44] [INFO] Routes :: Mounting API Routes...
[2024-3-3 15:59:44] [INFO] Booting the 'CsrfToken' middleware...
[2024-3-3 15:59:44] [INFO] Booting the 'Views' middleware...
[2024-3-3 15:59:44] [INFO] Routes :: Mounting Web Routes...
[2024-3-3 15:59:44] [INFO] Routes :: Mounting API Routes...
[2024-3-3 15:59:44] [INFO] Routes :: Mounting Web Routes...
[2024-3-3 15:59:41] [INFO] Server :: Cluster with ProcessID '792' Disconnected!
[2024-3-3 15:59:41] [INFO] Server :: Cluster with ProcessID '792' is Dead with Code '1, and signal: 'null'
[2024-3-3 15:59:41] [INFO] Server :: Cluster with ProcessID '785' Disconnected!
[2024-3-3 15:59:41] [INFO] Server :: Cluster with ProcessID '785' is Dead with Code '1, and signal: 'null'
[2024-3-3 15:59:41] [INFO] Server :: Cluster with ProcessID '786' is Dead with Code '1, and signal: 'null'
[2024-3-3 15:59:41] [INFO] Server :: Cluster with ProcessID '786' Disconnected!
[2024-3-3 15:59:44] [INFO] Booting the 'CORS' middleware...
[2024-3-3 15:59:44] [INFO] Booting the 'HTTP' middleware...
[2024-3-3 15:59:44] [INFO] Booting the 'CsrfToken' middleware...
[2024-3-3 15:59:44] [INFO] Booting the 'Views' middleware...
[2024-3-3 15:59:44] [INFO] Routes :: Mounting API Routes...
[2024-3-3 15:59:44] [INFO] Database :: Booting @ Master...
[2024-3-3 15:59:44] [INFO] Booting the 'Statics' middleware...
[2024-3-3 15:59:44] [INFO] Booting the 'StatusMonitor' middleware...
[2024-3-3 15:59:44] [INFO] Routes :: Mounting Web Routes...
[2024-3-3 15:59:41] [ERROR] Error: getaddrinfo ENOTFOUND redis
    at GetAddrInfoReqWrap.onlookup [as oncomplete] (node:dns:107:26)
[2024-3-3 15:59:41] [INFO] Server :: Cluster with ProcessID '828' has responded after it was forked! 
[2024-3-3 15:59:41] [ERROR] Error: getaddrinfo ENOTFOUND redis
    at GetAddrInfoReqWrap.onlookup [as oncomplete] (node:dns:107:26)
[2024-3-3 15:59:41] [ERROR] Error: getaddrinfo ENOTFOUND redis
    at GetAddrInfoReqWrap.onlookup [as oncomplete] (node:dns:107:26)
[2024-3-3 15:59:41] [ERROR] Error: getaddrinfo ENOTFOUND redis
    at GetAddrInfoReqWrap.onlookup [as oncomplete] (node:dns:107:26)
[2024-3-3 15:59:41] [INFO] Server :: Cluster with ProcessID '784' Disconnected!
[2024-3-3 15:59:41] [INFO] Server :: Cluster with ProcessID '784' is Dead with Code '1, and signal: 'null'
[2024-3-3 15:59:41] [INFO] Server :: Cluster with ProcessID '835' has responded after it was forked! 
[2024-3-3 15:59:41] [INFO] Server :: Cluster with ProcessID '829' has responded after it was forked! 
[2024-3-3 15:59:41] [INFO] Server :: Cluster with ProcessID '849' has responded after it was forked! 
[2024-3-3 15:59:41] [ERROR] Error: getaddrinfo ENOTFOUND redis
    at GetAddrInfoReqWrap.onlookup [as oncomplete] (node:dns:107:26)
[2024-3-3 15:59:41] [ERROR] Error: getaddrinfo ENOTFOUND redis
    at GetAddrInfoReqWrap.onlookup [as oncomplete] (node:dns:107:26)
[2024-3-3 15:59:41] [ERROR] Error: getaddrinfo ENOTFOUND redis
    at GetAddrInfoReqWrap.onlookup [as oncomplete] (node:dns:107:26)
[2024-3-3 15:59:41] [ERROR] Error: getaddrinfo ENOTFOUND redis
    at GetAddrInfoReqWrap.onlookup [as oncomplete] (node:dns:107:26)
[2024-3-3 15:59:41] [ERROR] Error: getaddrinfo ENOTFOUND redis
    at GetAddrInfoReqWrap.onlookup [as oncomplete] (node:dns:107:26)
[2024-3-3 15:59:41] [ERROR] Error: getaddrinfo ENOTFOUND redis
    at GetAddrInfoReqWrap.onlookup [as oncomplete] (node:dns:107:26)
[2024-3-3 15:59:41] [ERROR] Error: getaddrinfo ENOTFOUND redis
    at GetAddrInfoReqWrap.onlookup [as oncomplete] (node:dns:107:26)
[2024-3-3 15:59:41] [ERROR] Error: getaddrinfo ENOTFOUND redis
    at GetAddrInfoReqWrap.onlookup [as oncomplete] (node:dns:107:26)
[2024-3-3 15:59:49] [INFO] Booting the 'CORS' middleware...
[2024-3-3 15:59:49] [INFO] Booting the 'CsrfToken' middleware...
[2024-3-3 15:59:49] [INFO] Booting the 'StatusMonitor' middleware...
[2024-3-3 15:59:49] [INFO] Booting the 'HTTP' middleware...
[2024-3-3 15:59:49] [INFO] Booting the 'CORS' middleware...
[2024-3-3 15:59:49] [INFO] Booting the 'Views' middleware...
[2024-3-3 15:59:49] [INFO] Booting the 'StatusMonitor' middleware...
[2024-3-3 15:59:49] [INFO] Booting the 'HTTP' middleware...
[2024-3-3 15:59:49] [INFO] Booting the 'CsrfToken' middleware...
[2024-3-3 15:59:49] [INFO] Booting the 'Statics' middleware...
[2024-3-3 15:59:49] [INFO] Booting the 'Views' middleware...
[2024-3-3 15:59:49] [INFO] Booting the 'Statics' middleware...
[2024-3-3 15:59:49] [INFO] Routes :: Mounting Web Routes...
[2024-3-3 15:59:49] [INFO] Routes :: Mounting API Routes...
[2024-3-3 15:59:49] [INFO] Database :: Booting @ Master...
[2024-3-3 15:59:49] [INFO] Routes :: Mounting Web Routes...
[2024-3-3 15:59:49] [INFO] Routes :: Mounting API Routes...
[2024-3-3 15:59:49] [INFO] Database :: Booting @ Master...
[2024-3-3 15:59:49] [INFO] Booting the 'CORS' middleware...
[2024-3-3 15:59:49] [INFO] Booting the 'Views' middleware...
[2024-3-3 15:59:49] [INFO] Booting the 'HTTP' middleware...
[2024-3-3 15:59:49] [INFO] Booting the 'CsrfToken' middleware...
[2024-3-3 15:59:49] [INFO] Booting the 'Statics' middleware...
[2024-3-3 15:59:49] [INFO] Booting the 'StatusMonitor' middleware...
[2024-3-3 15:59:49] [INFO] Routes :: Mounting Web Routes...
[2024-3-3 15:59:49] [INFO] Routes :: Mounting API Routes...
[2024-3-3 15:59:49] [INFO] Database :: Booting @ Master...
[2024-3-3 15:59:41] [INFO] Server :: Cluster with ProcessID '828' Disconnected!
[2024-3-3 15:59:49] [INFO] Booting the 'CORS' middleware...
[2024-3-3 15:59:49] [INFO] Booting the 'Statics' middleware...
[2024-3-3 15:59:49] [INFO] Booting the 'StatusMonitor' middleware...
[2024-3-3 15:59:49] [INFO] Booting the 'HTTP' middleware...
[2024-3-3 15:59:49] [INFO] Booting the 'Views' middleware...
[2024-3-3 15:59:49] [INFO] Booting the 'CsrfToken' middleware...
[2024-3-3 15:59:49] [INFO] Routes :: Mounting Web Routes...
[2024-3-3 15:59:49] [INFO] Routes :: Mounting API Routes...
[2024-3-3 15:59:41] [INFO] Server :: Cluster with ProcessID '828' is Dead with Code '1, and signal: 'null'
[2024-3-3 15:59:41] [INFO] Server :: Cluster with ProcessID '849' Disconnected!
[2024-3-3 15:59:41] [INFO] Server :: Cluster with ProcessID '835' Disconnected!
[2024-3-3 15:59:41] [INFO] Server :: Cluster with ProcessID '849' is Dead with Code '1, and signal: 'null'
[2024-3-3 15:59:41] [INFO] Server :: Cluster with ProcessID '835' is Dead with Code '1, and signal: 'null'
[2024-3-3 15:59:41] [INFO] Server :: Cluster with ProcessID '829' Disconnected!
[2024-3-3 15:59:41] [INFO] Server :: Cluster with ProcessID '829' is Dead with Code '1, and signal: 'null'
[2024-3-3 15:59:41] [INFO] Server :: Cluster with ProcessID '872' has responded after it was forked! 
[2024-3-3 15:59:41] [INFO] Server :: Cluster with ProcessID '875' has responded after it was forked! 
[2024-3-3 15:59:41] [INFO] Server :: Cluster with ProcessID '879' has responded after it was forked! 
[2024-3-3 15:59:41] [INFO] Server :: Cluster with ProcessID '887' has responded after it was forked! 
[2024-3-3 15:59:41] [ERROR] Error: getaddrinfo ENOTFOUND redis
    at GetAddrInfoReqWrap.onlookup [as oncomplete] (node:dns:107:26)
[2024-3-3 15:59:41] [ERROR] Error: getaddrinfo ENOTFOUND redis
    at GetAddrInfoReqWrap.onlookup [as oncomplete] (node:dns:107:26)
[2024-3-3 15:59:41] [ERROR] Error: getaddrinfo ENOTFOUND redis
    at GetAddrInfoReqWrap.onlookup [as oncomplete] (node:dns:107:26)
[2024-3-3 15:59:41] [ERROR] Error: getaddrinfo ENOTFOUND redis
    at GetAddrInfoReqWrap.onlookup [as oncomplete] (node:dns:107:26)
[2024-3-3 15:59:54] [INFO] Booting the 'CORS' middleware...
[2024-3-3 15:59:54] [INFO] Booting the 'Statics' middleware...
[2024-3-3 15:59:54] [INFO] Booting the 'StatusMonitor' middleware...
[2024-3-3 15:59:54] [INFO] Booting the 'HTTP' middleware...
[2024-3-3 15:59:54] [INFO] Booting the 'CsrfToken' middleware...
[2024-3-3 15:59:54] [INFO] Booting the 'Views' middleware...
[2024-3-3 15:59:54] [INFO] Routes :: Mounting Web Routes...
[2024-3-3 15:59:54] [INFO] Routes :: Mounting API Routes...
[2024-3-3 15:59:54] [INFO] Database :: Booting @ Master...
[2024-3-3 15:59:54] [INFO] Booting the 'CORS' middleware...
[2024-3-3 15:59:54] [INFO] Booting the 'CORS' middleware...
[2024-3-3 15:59:54] [INFO] Booting the 'Statics' middleware...
[2024-3-3 15:59:54] [INFO] Booting the 'StatusMonitor' middleware...
[2024-3-3 15:59:54] [INFO] Booting the 'HTTP' middleware...
[2024-3-3 15:59:54] [INFO] Booting the 'CsrfToken' middleware...
[2024-3-3 15:59:54] [INFO] Booting the 'Views' middleware...
[2024-3-3 15:59:54] [INFO] Booting the 'HTTP' middleware...
[2024-3-3 15:59:54] [INFO] Booting the 'CsrfToken' middleware...
[2024-3-3 15:59:54] [INFO] Routes :: Mounting Web Routes...
[2024-3-3 15:59:54] [INFO] Routes :: Mounting API Routes...
[2024-3-3 15:59:54] [INFO] Database :: Booting @ Master...
[2024-3-3 15:59:41] [INFO] Server :: Cluster with ProcessID '872' Disconnected!
[2024-3-3 15:59:54] [INFO] Booting the 'Views' middleware...
[2024-3-3 15:59:54] [INFO] Booting the 'Statics' middleware...
[2024-3-3 15:59:54] [INFO] Booting the 'StatusMonitor' middleware...
[2024-3-3 15:59:54] [INFO] Routes :: Mounting Web Routes...
[2024-3-3 15:59:54] [INFO] Routes :: Mounting API Routes...
[2024-3-3 15:59:54] [INFO] Database :: Booting @ Master...
[2024-3-3 15:59:41] [INFO] Server :: Cluster with ProcessID '872' is Dead with Code '1, and signal: 'null'
[2024-3-3 15:59:41] [INFO] Server :: Cluster with ProcessID '879' Disconnected!
[2024-3-3 15:59:41] [INFO] Server :: Cluster with ProcessID '879' is Dead with Code '1, and signal: 'null'
[2024-3-3 15:59:54] [INFO] Booting the 'CORS' middleware...
[2024-3-3 15:59:54] [INFO] Booting the 'Statics' middleware...
[2024-3-3 15:59:54] [INFO] Booting the 'StatusMonitor' middleware...
[2024-3-3 15:59:54] [INFO] Booting the 'HTTP' middleware...
[2024-3-3 15:59:54] [INFO] Booting the 'CsrfToken' middleware...
[2024-3-3 15:59:54] [INFO] Booting the 'Views' middleware...
[2024-3-3 15:59:41] [INFO] Server :: Cluster with ProcessID '887' Disconnected!
[2024-3-3 15:59:54] [INFO] Routes :: Mounting Web Routes...
[2024-3-3 15:59:54] [INFO] Routes :: Mounting API Routes...
[2024-3-3 15:59:54] [INFO] Database :: Booting @ Master...
[2024-3-3 15:59:41] [INFO] Server :: Cluster with ProcessID '887' is Dead with Code '1, and signal: 'null'
[2024-3-3 15:59:41] [INFO] Server :: Cluster with ProcessID '875' Disconnected!
[2024-3-3 15:59:41] [INFO] Server :: Cluster with ProcessID '875' is Dead with Code '1, and signal: 'null'
[2024-3-3 15:59:41] [INFO] Server :: Cluster with ProcessID '916' has responded after it was forked! 
[2024-3-3 15:59:41] [INFO] Server :: Cluster with ProcessID '922' has responded after it was forked! 
[2024-3-3 15:59:41] [INFO] Server :: Cluster with ProcessID '923' has responded after it was forked! 
[2024-3-3 15:59:41] [INFO] Server :: Cluster with ProcessID '935' has responded after it was forked! 
